#
# A fatal error has been detected by the Java Runtime Environment:
#
#  EXCEPTION_ACCESS_VIOLATION (0xc0000005) at pc=0x00007fff2c1f3510, pid=1096, tid=4864
#
# JRE version: Java(TM) SE Runtime Environment (8.0_51-b16) (build 1.8.0_51-b16)
# Java VM: Java HotSpot(TM) 64-Bit Server VM (25.51-b03 mixed mode windows-amd64 compressed oops)
# Problematic frame:
# C  [ig4icd64.dll+0x3510]
#
# Failed to write core dump. Minidumps are not enabled by default on client versions of Windows
#
# If you would like to submit a bug report, please visit:
#   http://bugreport.java.com/bugreport/crash.jsp
# The crash happened outside the Java Virtual Machine in native code.
# See problematic frame for where to report the bug.
#

---------------  T H R E A D  ---------------

Current thread (0x00000000024d1000):  JavaThread "main" [_thread_in_native, id=4864, stack(0x0000000000c30000,0x0000000000d30000)]

siginfo: ExceptionCode=0xc0000005, reading address 0x0000000000000000

Registers:
RAX=0x0000000000000000, RBX=0x00000000190400b0, RCX=0x0000000000000000, RDX=0x0000000000000000
RSP=0x0000000000d2ed40, RBP=0x0000000000000000, RSI=0x0000000019051fa8, RDI=0x000000001d430000
R8 =0x00000000009e33f0, R9 =0x0000000000013c67, R10=0x0000000000000000, R11=0x0000000000c18ef0
R12=0x000000001a474190, R13=0x00000000009e33f0, R14=0x0000000019051400, R15=0x0000000000000000
RIP=0x00007fff2c1f3510, EFLAGS=0x0000000000010202

Top of Stack: (sp=0x0000000000d2ed40)
0x0000000000d2ed40:   0000000000000000 0000000000000000
0x0000000000d2ed50:   00000000426c0000 0000000000000000
0x0000000000d2ed60:   000000001d430000 00007fff2c644a5f
0x0000000000d2ed70:   00000000190400b0 00000000190400b0
0x0000000000d2ed80:   0000000000000000 0000000019051fa8
0x0000000000d2ed90:   0000000000000004 0000000000d2eea8
0x0000000000d2eda0:   0000000000000000 0000000000200000
0x0000000000d2edb0:   0000000000d2ee90 0000000000000015
0x0000000000d2edc0:   0000000019051fa8 0000000019051400
0x0000000000d2edd0:   0000000000000000 0000000000000000
0x0000000000d2ede0:   000000000009e340 0000000000000000
0x0000000000d2edf0:   00000000190400b0 00007fff2c643126
0x0000000000d2ee00:   0000000000200000 0000000000000015
0x0000000000d2ee10:   00007fff0009e340 00007fff2c250900
0x0000000000d2ee20:   00000000009e3400 00000000000001e0
0x0000000000d2ee30:   0000000019051400 fffffffffffffffe 

Instructions: (pc=0x00007fff2c1f3510)
0x00007fff2c1f34f0:   c2 10 66 0f e7 47 f0 49 3b c2 72 e4 e9 ab 00 00
0x00007fff2c1f3500:   00 4d 85 c9 74 6c 66 66 0f 1f 84 00 00 00 00 00
0x00007fff2c1f3510:   66 0f 6f 3a 66 0f 6f 72 10 66 0f 6f 6a 20 41 ff
0x00007fff2c1f3520:   c2 48 83 ef 80 41 8b c2 66 0f 6f 62 30 66 0f 6f 


Register to memory mapping:

RAX=0x0000000000000000 is an unknown value
RBX=0x00000000190400b0 is an unknown value
RCX=0x0000000000000000 is an unknown value
RDX=0x0000000000000000 is an unknown value
RSP=0x0000000000d2ed40 is pointing into the stack for thread: 0x00000000024d1000
RBP=0x0000000000000000 is an unknown value
RSI=0x0000000019051fa8 is an unknown value
RDI=0x000000001d430000 is an unknown value
R8 =0x00000000009e33f0 is an unknown value
R9 =0x0000000000013c67 is an unknown value
R10=0x0000000000000000 is an unknown value
R11=0x0000000000c18ef0 is an unknown value
R12=0x000000001a474190 is an unknown value
R13=0x00000000009e33f0 is an unknown value
R14=0x0000000019051400 is an unknown value
R15=0x0000000000000000 is an unknown value


Stack: [0x0000000000c30000,0x0000000000d30000],  sp=0x0000000000d2ed40,  free space=1019k
Native frames: (J=compiled Java code, j=interpreted, Vv=VM code, C=native code)

Java frames: (J=compiled Java code, j=interpreted, Vv=VM code)
j  org.lwjgl.opengl.GL11.nglDrawArrays(IIIJ)V+0
j  org.lwjgl.opengl.GL11.glDrawArrays(III)V+20
j  finalprogramminecraft.Chunk.render()V+47
j  finalprogramminecraft.FPCameraController.gameLoop()V+248
j  finalprogramminecraft.FinalProgramMinecraft.start()V+26
j  finalprogramminecraft.FinalProgramMinecraft.main([Ljava/lang/String;)V+9
v  ~StubRoutines::call_stub

---------------  P R O C E S S  ---------------

Java Threads: ( => current thread )
  0x0000000016f04800 JavaThread "Service Thread" daemon [_thread_blocked, id=7024, stack(0x0000000017ff0000,0x00000000180f0000)]
  0x0000000016f01800 JavaThread "C1 CompilerThread1" daemon [_thread_blocked, id=1888, stack(0x0000000017ef0000,0x0000000017ff0000)]
  0x0000000016ea5000 JavaThread "C2 CompilerThread0" daemon [_thread_blocked, id=1308, stack(0x0000000017df0000,0x0000000017ef0000)]
  0x0000000016eb4800 JavaThread "Attach Listener" daemon [_thread_blocked, id=3804, stack(0x0000000017cf0000,0x0000000017df0000)]
  0x0000000016eb1000 JavaThread "Signal Dispatcher" daemon [_thread_blocked, id=2580, stack(0x0000000017bf0000,0x0000000017cf0000)]
  0x00000000025c2800 JavaThread "Finalizer" daemon [_thread_blocked, id=1292, stack(0x0000000017af0000,0x0000000017bf0000)]
  0x00000000025ba800 JavaThread "Reference Handler" daemon [_thread_blocked, id=3192, stack(0x00000000179f0000,0x0000000017af0000)]
=>0x00000000024d1000 JavaThread "main" [_thread_in_native, id=4864, stack(0x0000000000c30000,0x0000000000d30000)]

Other Threads:
  0x0000000016e77000 VMThread [stack: 0x00000000178f0000,0x00000000179f0000] [id=5412]
  0x0000000016f07800 WatcherThread [stack: 0x00000000180f0000,0x00000000181f0000] [id=2864]

VM state:not at safepoint (normal execution)

VM Mutex/Monitor currently owned by a thread: None

Heap:
 PSYoungGen      total 37888K, used 22985K [0x00000000d6780000, 0x00000000d9180000, 0x0000000100000000)
  eden space 32768K, 70% used [0x00000000d6780000,0x00000000d7df2620,0x00000000d8780000)
  from space 5120K, 0% used [0x00000000d8c80000,0x00000000d8c80000,0x00000000d9180000)
  to   space 5120K, 0% used [0x00000000d8780000,0x00000000d8780000,0x00000000d8c80000)
 ParOldGen       total 86016K, used 0K [0x0000000083600000, 0x0000000088a00000, 0x00000000d6780000)
  object space 86016K, 0% used [0x0000000083600000,0x0000000083600000,0x0000000088a00000)
 Metaspace       used 4401K, capacity 5619K, committed 5888K, reserved 1056768K
  class space    used 415K, capacity 456K, committed 512K, reserved 1048576K

Card table byte_map: [0x0000000011a80000,0x0000000011e70000] byte_map_base: 0x0000000011665000

Marking Bits: (ParMarkBitMap*) 0x0000000053b64040
 Begin Bits: [0x0000000012310000, 0x0000000014238000)
 End Bits:   [0x0000000014238000, 0x0000000016160000)

Polling page: 0x0000000000a50000

CodeCache: size=245760Kb used=1646Kb max_used=1657Kb free=244113Kb
 bounds [0x00000000026c0000, 0x0000000002930000, 0x00000000116c0000]
 total_blobs=630 nmethods=277 adapters=267
 compilation: enabled

Compilation events (10 events):
Event: 0.988 Thread 0x0000000016ea5000  275       4       java.nio.Bits::copyFromArray (70 bytes)
Event: 0.989 Thread 0x0000000016ea5000 nmethod 275 0x000000000285aa90 code [0x000000000285abc0, 0x000000000285ac58]
Event: 0.989 Thread 0x0000000016ea5000  276       4       java.nio.FloatBuffer::put (9 bytes)
Event: 0.992 Thread 0x0000000016ea5000 nmethod 276 0x000000000285a490 code [0x000000000285a5e0, 0x000000000285a7d8]
Event: 0.992 Thread 0x0000000016ea5000  277       4       java.nio.DirectFloatBufferU::put (154 bytes)
Event: 0.995 Thread 0x0000000016ea5000 nmethod 277 0x0000000002859e50 code [0x0000000002859fa0, 0x000000000285a1f8]
Event: 0.995 Thread 0x0000000016ea5000  273       4       finalprogramminecraft.Chunk::createCube (529 bytes)
Event: 0.997 Thread 0x0000000016ea5000 nmethod 273 0x000000000285b890 code [0x000000000285ba00, 0x000000000285bcf8]
Event: 0.997 Thread 0x0000000016ea5000  278       4       finalprogramminecraft.Chunk::getCubeColor (97 bytes)
Event: 0.999 Thread 0x0000000016ea5000 nmethod 278 0x00000000028598d0 code [0x0000000002859a20, 0x0000000002859c98]

GC Heap History (0 events):
No events

Deoptimization events (0 events):
No events

Internal exceptions (2 events):
Event: 0.081 Thread 0x00000000024d1000 Exception <a 'java/lang/NoSuchMethodError': Method sun.misc.Unsafe.defineClass(Ljava/lang/String;[BII)Ljava/lang/Class; name or signature does not match> (0x00000000d678d2d8) thrown at [C:\re\workspace\8-2-build-windows-amd64-cygwin\jdk8u51\3951\hotspot\sr†VZ’‹Ç´?
Event: 0.081 Thread 0x00000000024d1000 Exception <a 'java/lang/NoSuchMethodError': Method sun.misc.Unsafe.prefetchRead(Ljava/lang/Object;J)V name or signature does not match> (0x00000000d678d568) thrown at [C:\re\workspace\8-2-build-windows-amd64-cygwin\jdk8u51\3951\hotspot\src\share\vm\prims\j

Events (10 events):
Event: 0.988 Thread 0x00000000024d1000 DEOPT PACKING pc=0x00000000028562bb sp=0x0000000000d2ef90
Event: 0.988 Thread 0x00000000024d1000 DEOPT UNPACKING pc=0x000000000270747f sp=0x0000000000d2ecc0 mode 0
Event: 0.988 Thread 0x00000000024d1000 DEOPT PACKING pc=0x00000000028562bb sp=0x0000000000d2ef90
Event: 0.988 Thread 0x00000000024d1000 DEOPT UNPACKING pc=0x000000000270747f sp=0x0000000000d2ecc0 mode 0
Event: 0.988 Thread 0x00000000024d1000 DEOPT PACKING pc=0x00000000028562bb sp=0x0000000000d2ef90
Event: 0.988 Thread 0x00000000024d1000 DEOPT UNPACKING pc=0x000000000270747f sp=0x0000000000d2ecc0 mode 0
Event: 0.988 Thread 0x00000000024d1000 DEOPT PACKING pc=0x00000000028562bb sp=0x0000000000d2ef90
Event: 0.988 Thread 0x00000000024d1000 DEOPT UNPACKING pc=0x000000000270747f sp=0x0000000000d2ecc0 mode 0
Event: 1.038 loading class org/lwjgl/opengl/GLChecks
Event: 1.038 loading class org/lwjgl/opengl/GLChecks done


Dynamic libraries:
0x00007ff600790000 - 0x00007ff6007c7000 	C:\Program Files\Java\jdk1.8.0_51\bin\java.exe
0x00007fff561b0000 - 0x00007fff56371000 	C:\WINDOWS\SYSTEM32\ntdll.dll
0x00007fff53550000 - 0x00007fff535fd000 	C:\WINDOWS\system32\KERNEL32.DLL
0x00007fff52360000 - 0x00007fff5253d000 	C:\WINDOWS\system32\KERNELBASE.dll
0x00007fff54c50000 - 0x00007fff54cf6000 	C:\WINDOWS\system32\ADVAPI32.dll
0x00007fff52d30000 - 0x00007fff52dcd000 	C:\WINDOWS\system32\msvcrt.dll
0x00007fff52540000 - 0x00007fff5259b000 	C:\WINDOWS\system32\sechost.dll
0x00007fff525a0000 - 0x00007fff526c6000 	C:\WINDOWS\system32\RPCRT4.dll
0x00007fff52fe0000 - 0x00007fff5312e000 	C:\WINDOWS\system32\USER32.dll
0x00007fff54d00000 - 0x00007fff54e86000 	C:\WINDOWS\system32\GDI32.dll
0x00007fff40430000 - 0x00007fff406a4000 	C:\WINDOWS\WinSxS\amd64_microsoft.windows.common-controls_6595b64144ccf1df_6.0.10240.16384_none_f41f7b285750ef43\COMCTL32.dll
0x00007fff53510000 - 0x00007fff53546000 	C:\WINDOWS\system32\IMM32.DLL
0x00007fff52760000 - 0x00007fff528bc000 	C:\WINDOWS\system32\MSCTF.dll
0x00007fff3fdd0000 - 0x00007fff3fe61000 	C:\Program Files (x86)\AVG\AVG2015\avghooka.dll
0x0000000053280000 - 0x0000000053352000 	C:\Program Files\Java\jdk1.8.0_51\jre\bin\msvcr100.dll
0x0000000053360000 - 0x0000000053be3000 	C:\Program Files\Java\jdk1.8.0_51\jre\bin\server\jvm.dll
0x00007fff52d10000 - 0x00007fff52d18000 	C:\WINDOWS\system32\PSAPI.DLL
0x00007fff49eb0000 - 0x00007fff49eb9000 	C:\WINDOWS\SYSTEM32\WSOCK32.dll
0x00007fff534a0000 - 0x00007fff53509000 	C:\WINDOWS\system32\WS2_32.dll
0x00007fff533e0000 - 0x00007fff533e8000 	C:\WINDOWS\system32\NSI.dll
0x00007fff4fef0000 - 0x00007fff4ff13000 	C:\WINDOWS\SYSTEM32\WINMM.dll
0x00007fff4b300000 - 0x00007fff4b30a000 	C:\WINDOWS\SYSTEM32\VERSION.dll
0x00007fff4fec0000 - 0x00007fff4feec000 	C:\WINDOWS\SYSTEM32\WINMMBASE.dll
0x00007fff52200000 - 0x00007fff52244000 	C:\WINDOWS\system32\cfgmgr32.dll
0x00007fff50230000 - 0x00007fff50257000 	C:\WINDOWS\SYSTEM32\DEVOBJ.dll
0x0000000053230000 - 0x000000005323f000 	C:\Program Files\Java\jdk1.8.0_51\jre\bin\verify.dll
0x0000000053200000 - 0x0000000053229000 	C:\Program Files\Java\jdk1.8.0_51\jre\bin\java.dll
0x00000000531e0000 - 0x00000000531f6000 	C:\Program Files\Java\jdk1.8.0_51\jre\bin\zip.dll
0x00007fff53720000 - 0x00007fff54c42000 	C:\WINDOWS\system32\SHELL32.dll
0x00007fff51940000 - 0x00007fff51f68000 	C:\WINDOWS\system32\windows.storage.dll
0x00007fff52a90000 - 0x00007fff52d0c000 	C:\WINDOWS\system32\combase.dll
0x00007fff536c0000 - 0x00007fff53711000 	C:\WINDOWS\system32\shlwapi.dll
0x00007fff51910000 - 0x00007fff5191f000 	C:\WINDOWS\system32\kernel.appcore.dll
0x00007fff51f70000 - 0x00007fff52023000 	C:\WINDOWS\system32\shcore.dll
0x00007fff518a0000 - 0x00007fff518ea000 	C:\WINDOWS\system32\powrprof.dll
0x00007fff518f0000 - 0x00007fff51903000 	C:\WINDOWS\system32\profapi.dll
0x0000000180000000 - 0x0000000180053000 	C:\Program Files\Java\lwjgl-2.9.2\native\windows\lwjgl64.dll
0x00007fff4b620000 - 0x00007fff4b748000 	C:\WINDOWS\SYSTEM32\OPENGL32.dll
0x00007fff4bcd0000 - 0x00007fff4bcfe000 	C:\WINDOWS\SYSTEM32\GLU32.dll
0x00007fff3bae0000 - 0x00007fff3bbd6000 	C:\WINDOWS\SYSTEM32\DDRAW.dll
0x00007fff4d960000 - 0x00007fff4d968000 	C:\WINDOWS\SYSTEM32\DCIMAN32.dll
0x00007fff50170000 - 0x00007fff50206000 	C:\WINDOWS\system32\uxtheme.dll
0x00007fff4f390000 - 0x00007fff4f3b2000 	C:\WINDOWS\system32\dwmapi.dll
0x00007fff2c1f0000 - 0x00007fff2ce74000 	C:\WINDOWS\SYSTEM32\ig4icd64.dll
0x00007fff51660000 - 0x00007fff516cb000 	C:\WINDOWS\SYSTEM32\bcryptPrimitives.dll
0x00007fff4b580000 - 0x00007fff4b611000 	C:\WINDOWS\SYSTEM32\mscms.dll
0x00007fff51210000 - 0x00007fff5122f000 	C:\WINDOWS\SYSTEM32\USERENV.dll
0x00007fff4ac50000 - 0x00007fff4ac92000 	C:\WINDOWS\SYSTEM32\icm32.dll
0x00007fff484f0000 - 0x00007fff4867a000 	C:\WINDOWS\SYSTEM32\dbghelp.dll

VM Arguments:
jvm_args: -Dfile.encoding=UTF-8 -Djava.library.path=C:\Program Files\Java\lwjgl-2.9.2\native\windows 
java_command: finalprogramminecraft.FinalProgramMinecraft
java_class_path (initial): C:\Program Files\Java\lwjgl-2.9.2\jar\AppleJavaExtensions.jar;C:\Program Files\Java\lwjgl-2.9.2\jar\asm-debug-all.jar;C:\Program Files\Java\lwjgl-2.9.2\jar\jinput.jar;C:\Program Files\Java\lwjgl-2.9.2\jar\lwjgl-debug.jar;C:\Program Files\Java\lwjgl-2.9.2\jar\lwjgl.jar;C:\Program Files\Java\lwjgl-2.9.2\jar\lwjgl_test.jar;C:\Program Files\Java\lwjgl-2.9.2\jar\lwjgl_util.jar;C:\Program Files\Java\lwjgl-2.9.2\jar\lwjgl_util_applet.jar;C:\Program Files\Java\lwjgl-2.9.2\jar\lzma.jar;C:\Users\Scott\Documents\Cal Poly Pomona\CS 445\Libraries\Slick Util (for texture mapping)\slick-util.jar;C:\Users\Scott\Documents\NetBeansProjects\GitClone\FinalProgramMinecraft\build\classes
Launcher Type: SUN_STANDARD

Environment Variables:
JAVA_HOME=C:\Program Files\Java\jdk1.8.0_51
PATH=C:\ProgramData\Oracle\Java\javapath;C:\WINDOWS\system32;C:\WINDOWS;C:\WINDOWS\System32\Wbem;C:\WINDOWS\System32\WindowsPowerShell\v1.0\;C:\Program Files\Intel\WiFi\bin\;C:\Program Files\Common Files\Intel\WirelessCommon\;C:\Program Files\Java\jdk1.8.0_51\bin;C:\Program Files\Intel\WiFi\bin\;C:\Program Files\Common Files\Intel\WirelessCommon\
USERNAME=Scott
OS=Windows_NT
PROCESSOR_IDENTIFIER=Intel64 Family 6 Model 42 Stepping 7, GenuineIntel



---------------  S Y S T E M  ---------------

OS: Windows 10.0 , 64 bit Build 10240 (10.0.10240.16384)

CPU:total 2 (2 cores per cpu, 1 threads per core) family 6 model 42 stepping 7, cmov, cx8, fxsr, mmx, sse, sse2, sse3, ssse3, sse4.1, sse4.2, popcnt, clmul, tsc, tscinvbit

Memory: 4k page, physical 8160400k(5457572k free), swap 16549008k(13575488k free)

vm_info: Java HotSpot(TM) 64-Bit Server VM (25.51-b03) for windows-amd64 JRE (1.8.0_51-b16), built on Jun  8 2015 18:03:07 by "java_re" with MS VC++ 10.0 (VS2010)

time: Tue Nov 17 22:17:40 2015
elapsed time: 1 seconds (0d 0h 0m 1s)

